0 verbose cli C:\Program Files\nodejs\node.exe C:\Program Files\nodejs\node_modules\npm\bin\npm-cli.js
1 info using npm@11.6.2
2 info using node@v24.13.0
3 silly config load:file:C:\Program Files\nodejs\node_modules\npm\npmrc
4 silly config load:file:C:\Users\User\Desktop\new\hotel-management-system\backend\.npmrc
5 silly config load:file:C:\Users\User\.npmrc
6 silly config load:file:C:\Users\User\Desktop\new\hotel-management-system\backend\etc\npmrc
7 verbose title npm install
8 verbose argv "--prefix" "backend" "--cache" "backend\\.npm-cache" "install"
9 verbose logfile logs-max:10 dir:C:\Users\User\Desktop\new\hotel-management-system\backend\.npm-cache\_logs\2026-04-03T10_57_59_349Z-
10 verbose logfile C:\Users\User\Desktop\new\hotel-management-system\backend\.npm-cache\_logs\2026-04-03T10_57_59_349Z-debug-0.log
11 silly logfile done cleaning log files
12 silly packumentCache heap:4496293888 maxSize:1124073472 maxEntrySize:562036736
13 silly idealTree buildDeps
14 silly fetch manifest google-auth-library@^9.0.0
15 silly packumentCache full:https://registry.npmjs.org/google-auth-library cache-miss
16 http fetch GET https://registry.npmjs.org/google-auth-library attempt 1 failed with EACCES
17 http fetch GET https://registry.npmjs.org/google-auth-library attempt 2 failed with EACCES
18 http fetch GET https://registry.npmjs.org/google-auth-library attempt 3 failed with EACCES
19 silly fetch manifest mongoose@^8.0.0
20 silly packumentCache full:https://registry.npmjs.org/mongoose cache-miss
21 http fetch GET https://registry.npmjs.org/mongoose attempt 1 failed with EACCES
22 http fetch GET https://registry.npmjs.org/mongoose attempt 2 failed with EACCES
23 http fetch GET https://registry.npmjs.org/mongoose attempt 3 failed with EACCES
24 silly placeDep ROOT google-auth-library@ OK for: hotel-management-system-backend@1.0.0 want: ^9.0.0
25 silly placeDep ROOT mongoose@ OK for: hotel-management-system-backend@1.0.0 want: ^8.0.0
26 verbose type system
27 verbose stack FetchError: request to https://registry.npmjs.org/google-auth-library failed, reason: 
27 verbose stack     at ClientRequest.<anonymous> (C:\Program Files\nodejs\node_modules\npm\node_modules\minipass-fetch\lib\index.js:130:14)
27 verbose stack     at ClientRequest.emit (node:events:508:28)
27 verbose stack     at emitErrorEvent (node:_http_client:108:11)
27 verbose stack     at _destroy (node:_http_client:962:9)
27 verbose stack     at onSocketNT (node:_http_client:982:5)
27 verbose stack     at process.processTicksAndRejections (node:internal/process/task_queues:90:21)
28 error code EACCES
29 error errno EACCES
30 error FetchError: request to https://registry.npmjs.org/google-auth-library failed, reason: 
30 error     at ClientRequest.<anonymous> (C:\Program Files\nodejs\node_modules\npm\node_modules\minipass-fetch\lib\index.js:130:14)
30 error     at ClientRequest.emit (node:events:508:28)
30 error     at emitErrorEvent (node:_http_client:108:11)
30 error     at _destroy (node:_http_client:962:9)
30 error     at onSocketNT (node:_http_client:982:5)
30 error     at process.processTicksAndRejections (node:internal/process/task_queues:90:21) {
30 error   code: 'EACCES',
30 error   errno: 'EACCES',
30 error   type: 'system',
30 error   requiredBy: '.'
30 error }
31 error
31 error The operation was rejected by your operating system.
31 error It's possible that the file was already in use (by a text editor or antivirus),
31 error or that you lack permissions to access it.
31 error
31 error If you believe this might be a permissions issue, please double-check the
31 error permissions of the file and its containing directories, or try running
31 error the command again as root/Administrator.
32 silly unfinished npm timer reify 1775213880243
33 silly unfinished npm timer reify:loadTrees 1775213880249
34 verbose cwd C:\Users\User\Desktop\new\hotel-management-system
35 verbose os Windows_NT 10.0.26200
36 verbose node v24.13.0
37 verbose npm  v11.6.2
38 verbose exit 1
39 verbose code 1
40 error A complete log of this run can be found in: C:\Users\User\Desktop\new\hotel-management-system\backend\.npm-cache\_logs\2026-04-03T10_57_59_349Z-debug-0.log
