0 verbose cli C:\Program Files\nodejs\node.exe C:\Program Files\nodejs\node_modules\npm\bin\npm-cli.js
1 info using npm@11.6.2
2 info using node@v24.13.0
3 silly config load:file:C:\Program Files\nodejs\node_modules\npm\npmrc
4 silly config load:file:C:\Users\User\Desktop\new\hotel-management-system\backend\.npmrc
5 silly config load:file:C:\Users\User\.npmrc
6 silly config load:file:C:\Users\User\AppData\Roaming\npm\etc\npmrc
7 verbose title npm install
8 verbose argv "install"
9 verbose logfile logs-max:10 dir:C:\Users\User\Desktop\new\hotel-management-system\backend\.npm-cache\_logs\2026-03-21T09_35_47_475Z-
10 verbose logfile C:\Users\User\Desktop\new\hotel-management-system\backend\.npm-cache\_logs\2026-03-21T09_35_47_475Z-debug-0.log
11 silly logfile done cleaning log files
12 silly packumentCache heap:4496293888 maxSize:1124073472 maxEntrySize:562036736
13 http fetch GET https://registry.npmjs.org/npm attempt 1 failed with EACCES
14 silly idealTree buildDeps
15 silly fetch manifest cors@^2.8.5
16 silly packumentCache full:https://registry.npmjs.org/cors cache-miss
17 http fetch GET https://registry.npmjs.org/cors attempt 1 failed with EACCES
18 http fetch GET https://registry.npmjs.org/npm attempt 2 failed with EACCES
19 http fetch GET https://registry.npmjs.org/cors attempt 2 failed with EACCES
20 http fetch GET https://registry.npmjs.org/npm attempt 3 failed with ENOTFOUND
21 http fetch GET https://registry.npmjs.org/cors attempt 3 failed with ENOTFOUND
22 silly fetch manifest dotenv@^16.4.5
23 silly packumentCache full:https://registry.npmjs.org/dotenv cache-miss
24 http fetch GET https://registry.npmjs.org/dotenv attempt 1 failed with ENOTFOUND
25 http fetch GET https://registry.npmjs.org/dotenv attempt 2 failed with EACCES
26 http fetch GET https://registry.npmjs.org/dotenv attempt 3 failed with EACCES
27 silly fetch manifest express@^4.19.2
28 silly packumentCache full:https://registry.npmjs.org/express cache-miss
29 http fetch GET https://registry.npmjs.org/express attempt 1 failed with EACCES
30 http fetch GET https://registry.npmjs.org/express attempt 2 failed with EACCES
31 http fetch GET https://registry.npmjs.org/express attempt 3 failed with EACCES
32 silly fetch manifest mongoose@^8.5.2
33 silly packumentCache full:https://registry.npmjs.org/mongoose cache-miss
34 http fetch GET https://registry.npmjs.org/mongoose attempt 1 failed with EACCES
35 http fetch GET https://registry.npmjs.org/mongoose attempt 2 failed with EACCES
36 http fetch GET https://registry.npmjs.org/mongoose attempt 3 failed with EACCES
37 silly fetch manifest nodemon@^3.1.4
38 silly packumentCache full:https://registry.npmjs.org/nodemon cache-miss
39 http fetch GET https://registry.npmjs.org/nodemon attempt 1 failed with EACCES
40 http fetch GET https://registry.npmjs.org/nodemon attempt 2 failed with EACCES
41 http fetch GET https://registry.npmjs.org/nodemon attempt 3 failed with EACCES
42 silly placeDep ROOT cors@ OK for: hotel-management-system-backend@1.0.0 want: ^2.8.5
43 silly placeDep ROOT dotenv@ OK for: hotel-management-system-backend@1.0.0 want: ^16.4.5
44 silly placeDep ROOT express@ OK for: hotel-management-system-backend@1.0.0 want: ^4.19.2
45 silly placeDep ROOT mongoose@ OK for: hotel-management-system-backend@1.0.0 want: ^8.5.2
46 silly placeDep ROOT nodemon@ OK for: hotel-management-system-backend@1.0.0 want: ^3.1.4
47 verbose type system
48 verbose stack FetchError: request to https://registry.npmjs.org/cors failed, reason: getaddrinfo ENOTFOUND registry.npmjs.org
48 verbose stack     at ClientRequest.<anonymous> (C:\Program Files\nodejs\node_modules\npm\node_modules\minipass-fetch\lib\index.js:130:14)
48 verbose stack     at ClientRequest.emit (node:events:508:28)
48 verbose stack     at emitErrorEvent (node:_http_client:108:11)
48 verbose stack     at _destroy (node:_http_client:962:9)
48 verbose stack     at onSocketNT (node:_http_client:982:5)
48 verbose stack     at process.processTicksAndRejections (node:internal/process/task_queues:90:21)
49 error code ENOTFOUND
50 error syscall getaddrinfo
51 error errno ENOTFOUND
52 error network request to https://registry.npmjs.org/cors failed, reason: getaddrinfo ENOTFOUND registry.npmjs.org
53 error network This is a problem related to network connectivity.
53 error network In most cases you are behind a proxy or have bad network settings.
53 error network
53 error network If you are behind a proxy, please make sure that the
53 error network 'proxy' config is set properly.  See: 'npm help config'
54 silly unfinished npm timer reify 1774085749057
55 silly unfinished npm timer reify:loadTrees 1774085749060
56 verbose cwd C:\Users\User\Desktop\new\hotel-management-system\backend
57 verbose os Windows_NT 10.0.26200
58 verbose node v24.13.0
59 verbose npm  v11.6.2
60 verbose exit 1
61 verbose code 1
62 error A complete log of this run can be found in: C:\Users\User\Desktop\new\hotel-management-system\backend\.npm-cache\_logs\2026-03-21T09_35_47_475Z-debug-0.log
